{"level":"info","message":"[03:09:59]데이터 베이스 연결 성공","service":"general"}
{"level":"error","message":"[03:17:15][404]/favicon.ico은 없는 페이지 입니다.","service":"general"}
{"level":"error","message":"[03:17:15]Error: /favicon.ico은 없는 페이지 입니다.\n    at C:\\Users\\이용현\\Documents\\GitHub\\board\\app.js:66:17\n    at Layer.handle [as handle_request] (C:\\Users\\이용현\\Documents\\GitHub\\board\\node_modules\\express\\lib\\router\\layer.js:95:5)\n    at trim_prefix (C:\\Users\\이용현\\Documents\\GitHub\\board\\node_modules\\express\\lib\\router\\index.js:317:13)\n    at C:\\Users\\이용현\\Documents\\GitHub\\board\\node_modules\\express\\lib\\router\\index.js:284:7\n    at Function.process_params (C:\\Users\\이용현\\Documents\\GitHub\\board\\node_modules\\express\\lib\\router\\index.js:335:12)\n    at next (C:\\Users\\이용현\\Documents\\GitHub\\board\\node_modules\\express\\lib\\router\\index.js:275:10)\n    at C:\\Users\\이용현\\Documents\\GitHub\\board\\node_modules\\express\\lib\\router\\index.js:635:15\n    at next (C:\\Users\\이용현\\Documents\\GitHub\\board\\node_modules\\express\\lib\\router\\index.js:260:14)\n    at Function.handle (C:\\Users\\이용현\\Documents\\GitHub\\board\\node_modules\\express\\lib\\router\\index.js:174:3)\n    at router (C:\\Users\\이용현\\Documents\\GitHub\\board\\node_modules\\express\\lib\\router\\index.js:47:12)","service":"general"}
{"level":"error","message":"[03:18:11]Named parameter \":boardId\" has no value in the given object.","service":"general"}
{"level":"error","message":"[03:18:11]Error: Named parameter \":boardId\" has no value in the given object.\n    at C:\\Users\\이용현\\Documents\\GitHub\\board\\node_modules\\sequelize\\lib\\sql-string.js:121:11\n    at String.replace (<anonymous>)\n    at Object.formatNamedParameters (C:\\Users\\이용현\\Documents\\GitHub\\board\\node_modules\\sequelize\\lib\\sql-string.js:113:14)\n    at Object.formatNamedParameters (C:\\Users\\이용현\\Documents\\GitHub\\board\\node_modules\\sequelize\\lib\\utils.js:126:20)\n    at Sequelize.query (C:\\Users\\이용현\\Documents\\GitHub\\board\\node_modules\\sequelize\\lib\\sequelize.js:586:21)\n    at Object.create (C:\\Users\\이용현\\Documents\\GitHub\\board\\models\\board.js:28:23)\n    at C:\\Users\\이용현\\Documents\\GitHub\\board\\routes\\admin\\index.js:36:32\n    at Layer.handle [as handle_request] (C:\\Users\\이용현\\Documents\\GitHub\\board\\node_modules\\express\\lib\\router\\layer.js:95:5)\n    at next (C:\\Users\\이용현\\Documents\\GitHub\\board\\node_modules\\express\\lib\\router\\route.js:137:13)\n    at next (C:\\Users\\이용현\\Documents\\GitHub\\board\\node_modules\\express\\lib\\router\\route.js:131:14)","service":"general"}
{"level":"error","message":"[03:18:14]Error: Named parameter \":boardNm\" has no value in the given object.\n    at C:\\Users\\이용현\\Documents\\GitHub\\board\\node_modules\\sequelize\\lib\\sql-string.js:121:11\n    at String.replace (<anonymous>)\n    at Object.formatNamedParameters (C:\\Users\\이용현\\Documents\\GitHub\\board\\node_modules\\sequelize\\lib\\sql-string.js:113:14)\n    at Object.formatNamedParameters (C:\\Users\\이용현\\Documents\\GitHub\\board\\node_modules\\sequelize\\lib\\utils.js:126:20)\n    at Sequelize.query (C:\\Users\\이용현\\Documents\\GitHub\\board\\node_modules\\sequelize\\lib\\sequelize.js:586:21)\n    at Object.create (C:\\Users\\이용현\\Documents\\GitHub\\board\\models\\board.js:28:23)\n    at C:\\Users\\이용현\\Documents\\GitHub\\board\\routes\\admin\\index.js:36:32\n    at Layer.handle [as handle_request] (C:\\Users\\이용현\\Documents\\GitHub\\board\\node_modules\\express\\lib\\router\\layer.js:95:5)\n    at next (C:\\Users\\이용현\\Documents\\GitHub\\board\\node_modules\\express\\lib\\router\\route.js:137:13)\n    at next (C:\\Users\\이용현\\Documents\\GitHub\\board\\node_modules\\express\\lib\\router\\route.js:131:14)","service":"general"}
{"level":"error","message":"[03:18:14]Named parameter \":boardNm\" has no value in the given object.","service":"general"}
{"level":"error","message":"[03:21:06]Validation error","service":"general"}
{"level":"error","message":"[03:21:06]SequelizeUniqueConstraintError: Validation error\n    at Query.formatError (C:\\Users\\이용현\\Documents\\GitHub\\board\\node_modules\\sequelize\\lib\\dialects\\mysql\\query.js:242:16)\n    at Query.run (C:\\Users\\이용현\\Documents\\GitHub\\board\\node_modules\\sequelize\\lib\\dialects\\mysql\\query.js:77:18)\n    at processTicksAndRejections (internal/process/task_queues.js:95:5)\n    at async C:\\Users\\이용현\\Documents\\GitHub\\board\\node_modules\\sequelize\\lib\\sequelize.js:619:16\n    at async Object.create (C:\\Users\\이용현\\Documents\\GitHub\\board\\models\\board.js:28:7)\n    at async C:\\Users\\이용현\\Documents\\GitHub\\board\\routes\\admin\\index.js:36:20","service":"general"}
{"level":"error","message":"[03:21:12]Named parameter \":boardNm\" has no value in the given object.","service":"general"}
{"level":"error","message":"[03:21:12]Error: Named parameter \":boardNm\" has no value in the given object.\n    at C:\\Users\\이용현\\Documents\\GitHub\\board\\node_modules\\sequelize\\lib\\sql-string.js:121:11\n    at String.replace (<anonymous>)\n    at Object.formatNamedParameters (C:\\Users\\이용현\\Documents\\GitHub\\board\\node_modules\\sequelize\\lib\\sql-string.js:113:14)\n    at Object.formatNamedParameters (C:\\Users\\이용현\\Documents\\GitHub\\board\\node_modules\\sequelize\\lib\\utils.js:126:20)\n    at Sequelize.query (C:\\Users\\이용현\\Documents\\GitHub\\board\\node_modules\\sequelize\\lib\\sequelize.js:586:21)\n    at Object.create (C:\\Users\\이용현\\Documents\\GitHub\\board\\models\\board.js:28:23)\n    at C:\\Users\\이용현\\Documents\\GitHub\\board\\routes\\admin\\index.js:36:32\n    at Layer.handle [as handle_request] (C:\\Users\\이용현\\Documents\\GitHub\\board\\node_modules\\express\\lib\\router\\layer.js:95:5)\n    at next (C:\\Users\\이용현\\Documents\\GitHub\\board\\node_modules\\express\\lib\\router\\route.js:137:13)\n    at next (C:\\Users\\이용현\\Documents\\GitHub\\board\\node_modules\\express\\lib\\router\\route.js:131:14)","service":"general"}
{"level":"error","message":"[03:55:21][404]/admin/member은 없는 페이지 입니다.","service":"general"}
{"level":"error","message":"[03:55:21]Error: /admin/member은 없는 페이지 입니다.\n    at C:\\Users\\이용현\\Documents\\GitHub\\board\\app.js:66:17\n    at Layer.handle [as handle_request] (C:\\Users\\이용현\\Documents\\GitHub\\board\\node_modules\\express\\lib\\router\\layer.js:95:5)\n    at trim_prefix (C:\\Users\\이용현\\Documents\\GitHub\\board\\node_modules\\express\\lib\\router\\index.js:317:13)\n    at C:\\Users\\이용현\\Documents\\GitHub\\board\\node_modules\\express\\lib\\router\\index.js:284:7\n    at Function.process_params (C:\\Users\\이용현\\Documents\\GitHub\\board\\node_modules\\express\\lib\\router\\index.js:335:12)\n    at next (C:\\Users\\이용현\\Documents\\GitHub\\board\\node_modules\\express\\lib\\router\\index.js:275:10)\n    at C:\\Users\\이용현\\Documents\\GitHub\\board\\node_modules\\express\\lib\\router\\index.js:635:15\n    at next (C:\\Users\\이용현\\Documents\\GitHub\\board\\node_modules\\express\\lib\\router\\index.js:260:14)\n    at Function.handle (C:\\Users\\이용현\\Documents\\GitHub\\board\\node_modules\\express\\lib\\router\\index.js:174:3)\n    at router (C:\\Users\\이용현\\Documents\\GitHub\\board\\node_modules\\express\\lib\\router\\index.js:47:12)","service":"general"}
{"level":"info","message":"[04:28:36]데이터 베이스 연결 성공","service":"general"}
{"level":"info","message":"[04:29:17]데이터 베이스 연결 성공","service":"general"}
{"level":"info","message":"[04:34:28]데이터 베이스 연결 성공","service":"general"}
{"level":"info","message":"[04:35:47]데이터 베이스 연결 성공","service":"general"}
{"level":"info","message":"[04:36:15]데이터 베이스 연결 성공","service":"general"}
{"level":"info","message":"[04:36:57]데이터 베이스 연결 성공","service":"general"}
{"level":"info","message":"[04:38:25]데이터 베이스 연결 성공","service":"general"}
{"level":"info","message":"[04:38:29]데이터 베이스 연결 성공","service":"general"}
{"level":"info","message":"[04:39:21]데이터 베이스 연결 성공","service":"general"}
{"level":"info","message":"[04:39:56]데이터 베이스 연결 성공","service":"general"}
{"level":"info","message":"[04:41:37]데이터 베이스 연결 성공","service":"general"}
{"level":"info","message":"[04:43:00]데이터 베이스 연결 성공","service":"general"}
{"level":"info","message":"[04:44:42]데이터 베이스 연결 성공","service":"general"}
{"level":"info","message":"[04:48:55]데이터 베이스 연결 성공","service":"general"}
{"level":"info","message":"[04:51:31]데이터 베이스 연결 성공","service":"general"}
{"level":"info","message":"[04:51:47]데이터 베이스 연결 성공","service":"general"}
{"level":"info","message":"[04:53:00]데이터 베이스 연결 성공","service":"general"}
{"level":"info","message":"[04:53:57]데이터 베이스 연결 성공","service":"general"}
{"level":"info","message":"[04:54:37]데이터 베이스 연결 성공","service":"general"}
{"level":"info","message":"[04:55:33]데이터 베이스 연결 성공","service":"general"}
{"level":"info","message":"[04:55:56]데이터 베이스 연결 성공","service":"general"}
