{"level":"error","message":"[19:21:16]Access denied for user 'nodejs_board'@'localhost' (using password: YES)","service":"general"}
{"level":"error","message":"[19:21:16]SequelizeAccessDeniedError: Access denied for user 'nodejs_board'@'localhost' (using password: YES)\n    at ConnectionManager.connect (C:\\Users\\이용현\\Documents\\GitHub\\board\\node_modules\\sequelize\\lib\\dialects\\mysql\\connection-manager.js:118:17)\n    at processTicksAndRejections (internal/process/task_queues.js:95:5)\n    at async ConnectionManager._connect (C:\\Users\\이용현\\Documents\\GitHub\\board\\node_modules\\sequelize\\lib\\dialects\\abstract\\connection-manager.js:318:24)\n    at async C:\\Users\\이용현\\Documents\\GitHub\\board\\node_modules\\sequelize\\lib\\dialects\\abstract\\connection-manager.js:250:32\n    at async ConnectionManager.getConnection (C:\\Users\\이용현\\Documents\\GitHub\\board\\node_modules\\sequelize\\lib\\dialects\\abstract\\connection-manager.js:280:7)\n    at async C:\\Users\\이용현\\Documents\\GitHub\\board\\node_modules\\sequelize\\lib\\sequelize.js:613:26\n    at async Sequelize.authenticate (C:\\Users\\이용현\\Documents\\GitHub\\board\\node_modules\\sequelize\\lib\\sequelize.js:867:5)\n    at async Sequelize.sync (C:\\Users\\이용현\\Documents\\GitHub\\board\\node_modules\\sequelize\\lib\\sequelize.js:791:7)","service":"general"}
{"level":"error","message":"[19:21:38]Error: /favicon.ico은 없는 페이지 입니다.\n    at C:\\Users\\이용현\\Documents\\GitHub\\board\\app.js:66:17\n    at Layer.handle [as handle_request] (C:\\Users\\이용현\\Documents\\GitHub\\board\\node_modules\\express\\lib\\router\\layer.js:95:5)\n    at trim_prefix (C:\\Users\\이용현\\Documents\\GitHub\\board\\node_modules\\express\\lib\\router\\index.js:317:13)\n    at C:\\Users\\이용현\\Documents\\GitHub\\board\\node_modules\\express\\lib\\router\\index.js:284:7\n    at Function.process_params (C:\\Users\\이용현\\Documents\\GitHub\\board\\node_modules\\express\\lib\\router\\index.js:335:12)\n    at next (C:\\Users\\이용현\\Documents\\GitHub\\board\\node_modules\\express\\lib\\router\\index.js:275:10)\n    at C:\\Users\\이용현\\Documents\\GitHub\\board\\node_modules\\express\\lib\\router\\index.js:635:15\n    at next (C:\\Users\\이용현\\Documents\\GitHub\\board\\node_modules\\express\\lib\\router\\index.js:260:14)\n    at Function.handle (C:\\Users\\이용현\\Documents\\GitHub\\board\\node_modules\\express\\lib\\router\\index.js:174:3)\n    at router (C:\\Users\\이용현\\Documents\\GitHub\\board\\node_modules\\express\\lib\\router\\index.js:47:12)","service":"general"}
{"level":"error","message":"[19:21:38][404]/favicon.ico은 없는 페이지 입니다.","service":"general"}
{"level":"error","message":"[19:21:52]Error: /member/member/join은 없는 페이지 입니다.\n    at C:\\Users\\이용현\\Documents\\GitHub\\board\\app.js:66:17\n    at Layer.handle [as handle_request] (C:\\Users\\이용현\\Documents\\GitHub\\board\\node_modules\\express\\lib\\router\\layer.js:95:5)\n    at trim_prefix (C:\\Users\\이용현\\Documents\\GitHub\\board\\node_modules\\express\\lib\\router\\index.js:317:13)\n    at C:\\Users\\이용현\\Documents\\GitHub\\board\\node_modules\\express\\lib\\router\\index.js:284:7\n    at Function.process_params (C:\\Users\\이용현\\Documents\\GitHub\\board\\node_modules\\express\\lib\\router\\index.js:335:12)\n    at next (C:\\Users\\이용현\\Documents\\GitHub\\board\\node_modules\\express\\lib\\router\\index.js:275:10)\n    at C:\\Users\\이용현\\Documents\\GitHub\\board\\node_modules\\express\\lib\\router\\index.js:635:15\n    at next (C:\\Users\\이용현\\Documents\\GitHub\\board\\node_modules\\express\\lib\\router\\index.js:260:14)\n    at Function.handle (C:\\Users\\이용현\\Documents\\GitHub\\board\\node_modules\\express\\lib\\router\\index.js:174:3)\n    at router (C:\\Users\\이용현\\Documents\\GitHub\\board\\node_modules\\express\\lib\\router\\index.js:47:12)","service":"general"}
{"level":"error","message":"[19:21:52][404]/member/member/join은 없는 페이지 입니다.","service":"general"}
{"level":"info","message":"[19:26:32]데이터 베이스 연결 성공","service":"general"}
{"level":"error","message":"[19:26:53]Error: /member/member/join은 없는 페이지 입니다.\n    at C:\\Users\\이용현\\Documents\\GitHub\\board\\app.js:66:17\n    at Layer.handle [as handle_request] (C:\\Users\\이용현\\Documents\\GitHub\\board\\node_modules\\express\\lib\\router\\layer.js:95:5)\n    at trim_prefix (C:\\Users\\이용현\\Documents\\GitHub\\board\\node_modules\\express\\lib\\router\\index.js:317:13)\n    at C:\\Users\\이용현\\Documents\\GitHub\\board\\node_modules\\express\\lib\\router\\index.js:284:7\n    at Function.process_params (C:\\Users\\이용현\\Documents\\GitHub\\board\\node_modules\\express\\lib\\router\\index.js:335:12)\n    at next (C:\\Users\\이용현\\Documents\\GitHub\\board\\node_modules\\express\\lib\\router\\index.js:275:10)\n    at C:\\Users\\이용현\\Documents\\GitHub\\board\\node_modules\\express\\lib\\router\\index.js:635:15\n    at next (C:\\Users\\이용현\\Documents\\GitHub\\board\\node_modules\\express\\lib\\router\\index.js:260:14)\n    at Function.handle (C:\\Users\\이용현\\Documents\\GitHub\\board\\node_modules\\express\\lib\\router\\index.js:174:3)\n    at router (C:\\Users\\이용현\\Documents\\GitHub\\board\\node_modules\\express\\lib\\router\\index.js:47:12)","service":"general"}
{"level":"error","message":"[19:26:53][404]/member/member/join은 없는 페이지 입니다.","service":"general"}
{"level":"info","message":"[19:27:55]데이터 베이스 연결 성공","service":"general"}
{"level":"info","message":"[19:35:58]데이터 베이스 연결 성공","service":"general"}
{"level":"error","message":"[19:36:32][404]/rmember/join은 없는 페이지 입니다.","service":"general"}
{"level":"error","message":"[19:36:32]Error: /rmember/join은 없는 페이지 입니다.\n    at C:\\Users\\이용현\\Documents\\GitHub\\board\\app.js:66:17\n    at Layer.handle [as handle_request] (C:\\Users\\이용현\\Documents\\GitHub\\board\\node_modules\\express\\lib\\router\\layer.js:95:5)\n    at trim_prefix (C:\\Users\\이용현\\Documents\\GitHub\\board\\node_modules\\express\\lib\\router\\index.js:317:13)\n    at C:\\Users\\이용현\\Documents\\GitHub\\board\\node_modules\\express\\lib\\router\\index.js:284:7\n    at Function.process_params (C:\\Users\\이용현\\Documents\\GitHub\\board\\node_modules\\express\\lib\\router\\index.js:335:12)\n    at next (C:\\Users\\이용현\\Documents\\GitHub\\board\\node_modules\\express\\lib\\router\\index.js:275:10)\n    at C:\\Users\\이용현\\Documents\\GitHub\\board\\node_modules\\express\\lib\\router\\index.js:635:15\n    at next (C:\\Users\\이용현\\Documents\\GitHub\\board\\node_modules\\express\\lib\\router\\index.js:260:14)\n    at Function.handle (C:\\Users\\이용현\\Documents\\GitHub\\board\\node_modules\\express\\lib\\router\\index.js:174:3)\n    at router (C:\\Users\\이용현\\Documents\\GitHub\\board\\node_modules\\express\\lib\\router\\index.js:47:12)","service":"general"}
{"level":"error","message":"[19:37:18]Named parameter \":email\" has no value in the given object.","service":"general"}
{"level":"error","message":"[19:37:18]Error: Named parameter \":email\" has no value in the given object.\n    at C:\\Users\\이용현\\Documents\\GitHub\\board\\node_modules\\sequelize\\lib\\sql-string.js:121:11\n    at String.replace (<anonymous>)\n    at Object.formatNamedParameters (C:\\Users\\이용현\\Documents\\GitHub\\board\\node_modules\\sequelize\\lib\\sql-string.js:113:14)\n    at Object.formatNamedParameters (C:\\Users\\이용현\\Documents\\GitHub\\board\\node_modules\\sequelize\\lib\\utils.js:126:20)\n    at Sequelize.query (C:\\Users\\이용현\\Documents\\GitHub\\board\\node_modules\\sequelize\\lib\\sequelize.js:586:21)\n    at Object.join (C:\\Users\\이용현\\Documents\\GitHub\\board\\models\\member.js:33:38)\n    at async C:\\Users\\이용현\\Documents\\GitHub\\board\\routes\\member\\index.js:30:19","service":"general"}
{"level":"error","message":"[19:37:18]Named parameter \":email\" has no value in the given object.","service":"general"}
{"level":"error","message":"[19:37:18]Error: Named parameter \":email\" has no value in the given object.\n    at C:\\Users\\이용현\\Documents\\GitHub\\board\\node_modules\\sequelize\\lib\\sql-string.js:121:11\n    at String.replace (<anonymous>)\n    at Object.formatNamedParameters (C:\\Users\\이용현\\Documents\\GitHub\\board\\node_modules\\sequelize\\lib\\sql-string.js:113:14)\n    at Object.formatNamedParameters (C:\\Users\\이용현\\Documents\\GitHub\\board\\node_modules\\sequelize\\lib\\utils.js:126:20)\n    at Sequelize.query (C:\\Users\\이용현\\Documents\\GitHub\\board\\node_modules\\sequelize\\lib\\sequelize.js:586:21)\n    at Object.join (C:\\Users\\이용현\\Documents\\GitHub\\board\\models\\member.js:33:38)\n    at async C:\\Users\\이용현\\Documents\\GitHub\\board\\routes\\member\\index.js:30:19","service":"general"}
{"level":"error","message":"[19:38:42]Data too long for column 'cellPhone' at row 1","service":"general"}
{"level":"error","message":"[19:38:42]SequelizeDatabaseError: Data too long for column 'cellPhone' at row 1\n    at Query.formatError (C:\\Users\\이용현\\Documents\\GitHub\\board\\node_modules\\sequelize\\lib\\dialects\\mysql\\query.js:265:16)\n    at Query.run (C:\\Users\\이용현\\Documents\\GitHub\\board\\node_modules\\sequelize\\lib\\dialects\\mysql\\query.js:77:18)\n    at processTicksAndRejections (internal/process/task_queues.js:95:5)\n    at async C:\\Users\\이용현\\Documents\\GitHub\\board\\node_modules\\sequelize\\lib\\sequelize.js:619:16\n    at async Object.join (C:\\Users\\이용현\\Documents\\GitHub\\board\\models\\member.js:33:22)\n    at async C:\\Users\\이용현\\Documents\\GitHub\\board\\routes\\member\\index.js:30:19","service":"general"}
{"level":"info","message":"[19:43:13]데이터 베이스 연결 성공","service":"general"}
{"level":"info","message":"[19:43:28]데이터 베이스 연결 성공","service":"general"}
{"level":"info","message":"[19:44:30]데이터 베이스 연결 성공","service":"general"}
{"level":"info","message":"[19:49:11]데이터 베이스 연결 성공","service":"general"}
{"level":"info","message":"[19:50:52]데이터 베이스 연결 성공","service":"general"}
{"level":"info","message":"[19:51:51]데이터 베이스 연결 성공","service":"general"}
{"level":"info","message":"[19:52:13]데이터 베이스 연결 성공","service":"general"}
{"level":"info","message":"[19:53:03]데이터 베이스 연결 성공","service":"general"}
{"level":"info","message":"[19:54:01]데이터 베이스 연결 성공","service":"general"}
{"level":"info","message":"[19:54:16]데이터 베이스 연결 성공","service":"general"}
{"level":"info","message":"[19:55:01]데이터 베이스 연결 성공","service":"general"}
{"level":"info","message":"[19:57:15]데이터 베이스 연결 성공","service":"general"}
{"level":"info","message":"[19:57:29]데이터 베이스 연결 성공","service":"general"}
{"level":"info","message":"[19:59:07]데이터 베이스 연결 성공","service":"general"}
{"level":"info","message":"[19:59:18]데이터 베이스 연결 성공","service":"general"}
{"level":"info","message":"[20:00:04]데이터 베이스 연결 성공","service":"general"}
{"level":"info","message":"[20:00:26]데이터 베이스 연결 성공","service":"general"}
{"level":"info","message":"[20:03:06]데이터 베이스 연결 성공","service":"general"}
{"level":"info","message":"[20:03:45]데이터 베이스 연결 성공","service":"general"}
{"level":"info","message":"[20:04:26]데이터 베이스 연결 성공","service":"general"}
{"level":"info","message":"[20:05:36]데이터 베이스 연결 성공","service":"general"}
{"level":"info","message":"[20:06:14]데이터 베이스 연결 성공","service":"general"}
{"level":"info","message":"[20:06:43]데이터 베이스 연결 성공","service":"general"}
{"level":"error","message":"[20:13:45]You have an error in your SQL syntax; check the manual that corresponds to your MySQL server version for the right syntax to use near 'FORM boardConf ORDER BY regDt DESC' at line 1","service":"general"}
{"level":"error","message":"[20:13:45]SequelizeDatabaseError: You have an error in your SQL syntax; check the manual that corresponds to your MySQL server version for the right syntax to use near 'FORM boardConf ORDER BY regDt DESC' at line 1\n    at Query.formatError (C:\\Users\\이용현\\Documents\\GitHub\\board\\node_modules\\sequelize\\lib\\dialects\\mysql\\query.js:265:16)\n    at Query.run (C:\\Users\\이용현\\Documents\\GitHub\\board\\node_modules\\sequelize\\lib\\dialects\\mysql\\query.js:77:18)\n    at processTicksAndRejections (internal/process/task_queues.js:95:5)\n    at async C:\\Users\\이용현\\Documents\\GitHub\\board\\node_modules\\sequelize\\lib\\sequelize.js:619:16\n    at async Object.getBoards (C:\\Users\\이용현\\Documents\\GitHub\\board\\models\\board.js:47:20)\n    at async C:\\Users\\이용현\\Documents\\GitHub\\board\\routes\\admin\\index.js:21:24","service":"general"}
{"level":"error","message":"[20:25:56]You have an error in your SQL syntax; check the manual that corresponds to your MySQL server version for the right syntax to use near 'FORM boardConf ORDER BY regDt DESC' at line 1","service":"general"}
{"level":"error","message":"[20:25:56]SequelizeDatabaseError: You have an error in your SQL syntax; check the manual that corresponds to your MySQL server version for the right syntax to use near 'FORM boardConf ORDER BY regDt DESC' at line 1\n    at Query.formatError (C:\\Users\\이용현\\Documents\\GitHub\\board\\node_modules\\sequelize\\lib\\dialects\\mysql\\query.js:265:16)\n    at Query.run (C:\\Users\\이용현\\Documents\\GitHub\\board\\node_modules\\sequelize\\lib\\dialects\\mysql\\query.js:77:18)\n    at processTicksAndRejections (internal/process/task_queues.js:95:5)\n    at async C:\\Users\\이용현\\Documents\\GitHub\\board\\node_modules\\sequelize\\lib\\sequelize.js:619:16\n    at async Object.getBoards (C:\\Users\\이용현\\Documents\\GitHub\\board\\models\\board.js:47:20)\n    at async C:\\Users\\이용현\\Documents\\GitHub\\board\\routes\\admin\\index.js:21:24","service":"general"}
{"level":"info","message":"[20:41:48]데이터 베이스 연결 성공","service":"general"}
{"level":"info","message":"[20:44:21]데이터 베이스 연결 성공","service":"general"}
{"level":"info","message":"[20:44:40]데이터 베이스 연결 성공","service":"general"}
{"level":"info","message":"[20:45:46]데이터 베이스 연결 성공","service":"general"}
{"level":"info","message":"[20:50:22]데이터 베이스 연결 성공","service":"general"}
{"level":"info","message":"[21:12:56]데이터 베이스 연결 성공","service":"general"}
{"level":"error","message":"[21:12:56]You have an error in your SQL syntax; check the manual that corresponds to your MySQL server version for the right syntax to use near 'FORM boardConf ORDER BY regDt DESC' at line 1","service":"general"}
{"level":"error","message":"[21:12:56]SequelizeDatabaseError: You have an error in your SQL syntax; check the manual that corresponds to your MySQL server version for the right syntax to use near 'FORM boardConf ORDER BY regDt DESC' at line 1\n    at Query.formatError (C:\\Users\\이용현\\Documents\\GitHub\\board\\node_modules\\sequelize\\lib\\dialects\\mysql\\query.js:265:16)\n    at Query.run (C:\\Users\\이용현\\Documents\\GitHub\\board\\node_modules\\sequelize\\lib\\dialects\\mysql\\query.js:77:18)\n    at processTicksAndRejections (internal/process/task_queues.js:95:5)\n    at async C:\\Users\\이용현\\Documents\\GitHub\\board\\node_modules\\sequelize\\lib\\sequelize.js:619:16\n    at async Object.getBoards (C:\\Users\\이용현\\Documents\\GitHub\\board\\models\\board.js:47:20)\n    at async C:\\Users\\이용현\\Documents\\GitHub\\board\\routes\\admin\\index.js:21:24","service":"general"}
{"level":"info","message":"[21:13:26]데이터 베이스 연결 성공","service":"general"}
{"level":"info","message":"[21:15:43]데이터 베이스 연결 성공","service":"general"}
{"level":"error","message":"[21:16:09]SequelizeDatabaseError: Data too long for column 'cellPhone' at row 1\n    at Query.formatError (C:\\Users\\이용현\\Documents\\GitHub\\board\\node_modules\\sequelize\\lib\\dialects\\mysql\\query.js:265:16)\n    at Query.run (C:\\Users\\이용현\\Documents\\GitHub\\board\\node_modules\\sequelize\\lib\\dialects\\mysql\\query.js:77:18)\n    at processTicksAndRejections (internal/process/task_queues.js:95:5)\n    at async C:\\Users\\이용현\\Documents\\GitHub\\board\\node_modules\\sequelize\\lib\\sequelize.js:619:16\n    at async Object.join (C:\\Users\\이용현\\Documents\\GitHub\\board\\models\\member.js:33:22)\n    at async C:\\Users\\이용현\\Documents\\GitHub\\board\\routes\\member\\index.js:30:19","service":"general"}
{"level":"error","message":"[21:16:09]Data too long for column 'cellPhone' at row 1","service":"general"}
{"level":"info","message":"[21:18:28]데이터 베이스 연결 성공","service":"general"}
{"level":"info","message":"[21:18:36]데이터 베이스 연결 성공","service":"general"}
